<?xml version="1.0" encoding="UTF-8"?>
<!-- Generated by org.testng.reporters.JUnitXMLReporter -->
<testsuite ignored="0" hostname="LIN65003356" failures="0" tests="4" name="Default test" time="206.968" errors="0" timestamp="2025-04-09T16:46:08 IST">
  <testcase classname="Runner.TestNgtestRunner" name="runScenario" time="40.469"/>
  <testcase classname="Runner.TestNgtestRunner" name="checking w3 user login page" time="76.654"/>
  <testcase classname="Runner.TestNgtestRunner" name="checking w3 user login page with css" time="43.549"/>
  <testcase classname="Runner.TestNgtestRunner" name="checking w3 user login page with python" time="44.814"/>
</testsuite> <!-- Default test -->
